<?xml version="1.0" encoding="UTF-8"?>
<!-- Generated by org.testng.reporters.JUnitReportReporter -->
<testsuite hostname="RAM" failures="0" tests="4" name="testcases.SuiteA.CreateUser" time="0.019" errors="0" timestamp="2022-02-01T20:19:50 EST" skipped="1">
  <testcase classname="testcases.SuiteA.CreateUser" name="createUser" time="0.000">
    <skipped/>
  </testcase> <!-- createUser -->
  <testcase classname="testcases.SuiteA.CreateUser" name="deleteUser" time="0.007"/>
  <testcase classname="testcases.SuiteA.CreateUser" name="deleteUser" time="0.004"/>
  <testcase classname="testcases.SuiteA.CreateUser" name="deleteUser" time="0.008"/>
</testsuite> <!-- testcases.SuiteA.CreateUser -->
