<?xml version="1.0" encoding="UTF-8"?>
<!-- Generated by org.testng.reporters.JUnitReportReporter -->
<testsuite hostname="RAM" failures="0" tests="2" name="testcases.SuiteA.LoginTest" time="0.019" errors="0" timestamp="2022-02-01T20:19:50 EST" skipped="0">
  <testcase classname="testcases.SuiteA.LoginTest" name="doLogin" time="0.014"/>
  <testcase classname="testcases.SuiteA.LoginTest" name="logout" time="0.005"/>
</testsuite> <!-- testcases.SuiteA.LoginTest -->
