<?xml version="1.0" encoding="UTF-8"?>
<!-- Generated by org.testng.reporters.JUnitReportReporter -->
<testsuite hostname="RAM" failures="0" tests="3" name="testcases.SuiteB.SearchAndBuyPhone" time="0.010" errors="0" timestamp="2022-02-01T20:19:50 EST" skipped="0">
  <testcase classname="testcases.SuiteB.SearchAndBuyPhone" name="search" time="0.003"/>
  <testcase classname="testcases.SuiteB.SearchAndBuyPhone" name="selectPhone" time="0.005"/>
  <testcase classname="testcases.SuiteB.SearchAndBuyPhone" name="checkout" time="0.002"/>
</testsuite> <!-- testcases.SuiteB.SearchAndBuyPhone -->
