<?xml version="1.0" encoding="UTF-8"?>
<!-- Generated by org.testng.reporters.JUnitReportReporter -->
<testsuite hostname="RAM" failures="0" tests="3" name="testcases.SuiteB.SearchAndBuyPhone" time="0.000" errors="0" timestamp="2021-12-26T22:31:18 EST" skipped="0">
  <testcase classname="testcases.SuiteB.SearchAndBuyPhone" name="search" time="0.000"/>
  <testcase classname="testcases.SuiteB.SearchAndBuyPhone" name="selectPhone" time="0.000"/>
  <testcase classname="testcases.SuiteB.SearchAndBuyPhone" name="checkout" time="0.000"/>
</testsuite> <!-- testcases.SuiteB.SearchAndBuyPhone -->
