<?xml version="1.0" encoding="UTF-8"?>
<!-- Generated by org.testng.reporters.JUnitReportReporter -->
<testsuite hostname="RAM" failures="0" tests="2" name="testcases.SuiteA.LoginTest" time="0.005" errors="0" timestamp="2021-12-26T22:31:18 EST" skipped="0">
  <testcase classname="testcases.SuiteA.LoginTest" name="doLogin" time="0.002"/>
  <testcase classname="testcases.SuiteA.LoginTest" name="logout" time="0.003"/>
</testsuite> <!-- testcases.SuiteA.LoginTest -->
