<?xml version="1.0" encoding="UTF-8"?>
<!-- Generated by org.testng.reporters.JUnitReportReporter -->
<testsuite hostname="RAM" failures="0" tests="6" name="testcases.SuiteA.CreateUser" time="0.003" errors="0" timestamp="2021-12-26T22:31:18 EST" skipped="0">
  <testcase classname="testcases.SuiteA.CreateUser" name="createUser" time="0.001"/>
  <testcase classname="testcases.SuiteA.CreateUser" name="deleteUser" time="0.000"/>
  <testcase classname="testcases.SuiteA.CreateUser" name="deleteUser" time="0.001"/>
  <testcase classname="testcases.SuiteA.CreateUser" name="deleteUser" time="0.000"/>
  <testcase classname="testcases.SuiteA.CreateUser" name="createUser" time="0.001"/>
  <testcase classname="testcases.SuiteA.CreateUser" name="createUser" time="0.000"/>
</testsuite> <!-- testcases.SuiteA.CreateUser -->
